<?xml version="1.0" encoding="UTF-8"?>
<testsuite name="Compra exitosa de productos desde la pagina web saucedemo" tests="2" skipped="0" failures="0" errors="0" timestamp="2020-02-16T20:54:27" hostname="DESKTOP-3BF5B11" time="38.163">
  <properties/>
  <testcase name="Se desea agregar diferentes productos al carrito para ser comprados de manera exitosa" classname="Compra exitosa de productos desde la pagina web saucedemo" time="22.585"/>
  <testcase name="Se desea agregar diferentes productos al carrito para ser comprados de manera exitosa" classname="Compra exitosa de productos desde la pagina web saucedemo" time="15.271"/>
  <system-out><![CDATA[]]></system-out>
  <system-err><![CDATA[[Test worker] INFO net.thucydides.core.steps.ConsoleLoggingListener - STARTING STEP Given el usuario ingresa a la pagina web con sus credenciales correctos standard_user y secret_sauce
[Test worker] INFO net.thucydides.core.steps.ConsoleLoggingListener - STARTING STEP Actor llamar url
[Test worker] INFO net.thucydides.core.steps.ConsoleLoggingListener - STARTING STEP actor opens the https://www.saucedemo.com/index.html
feb 16, 2020 3:54:27 PM org.openqa.selenium.remote.DesiredCapabilities chrome
INFORMACIÓN: Using `new ChromeOptions()` is preferred to `DesiredCapabilities.chrome()`
[Test worker] INFO net.serenitybdd.core.webdriver.driverproviders.ProvideNewDriver - Instantiating driver
[Test worker] INFO net.serenitybdd.core.webdriver.driverproviders.ProvideNewDriver - Driver capabilities: Capabilities {acceptInsecureCerts: false, browserName: chrome, chrome.switches: --incognito --lang=es,--dis..., goog:chromeOptions: {args: [--incognito, --lang=es, --disable-popup-blocking, --disable-download-notifica..., --start-maximized, --test-type, --ignore-certificate-errors, --allow-running-insecure-co..., --disable-translate, --always-authorize-plugins, --disable-extensions, --enable-automation, --test-type], extensions: []}, loggingPrefs: org.openqa.selenium.logging..., platform: ANY, version: }
Starting ChromeDriver 80.0.3987.106 (f68069574609230cf9b635cd784cfb1bf81bb53a-refs/branch-heads/3987@{#882}) on port 27970
Only local connections are allowed.
Please protect ports used by ChromeDriver and related test frameworks to prevent access by malicious code.
[1581886473.559][WARNING]: Timed out connecting to Chrome, retrying...
feb 16, 2020 3:54:35 PM org.openqa.selenium.remote.ProtocolHandshake createSession
INFORMACIÓN: Detected dialect: W3C
[1581886476.293][SEVERE]: Timed out receiving message from renderer: 0.100
[1581886476.468][SEVERE]: Timed out receiving message from renderer: 0.100
[Test worker] INFO net.thucydides.core.steps.ConsoleLoggingListener - FINISHING STEP
[Test worker] INFO net.thucydides.core.steps.ConsoleLoggingListener - FINISHING STEP
[Test worker] INFO net.thucydides.core.steps.ConsoleLoggingListener - STARTING STEP Actor iniciar sesion
[Test worker] INFO net.thucydides.core.steps.ConsoleLoggingListener - STARTING STEP actor enters 'standard_user' into campo de texto usuario
[Test worker] INFO net.thucydides.core.steps.ConsoleLoggingListener - FINISHING STEP
[Test worker] INFO net.thucydides.core.steps.ConsoleLoggingListener - STARTING STEP actor enters 'secret_sauce' into campo de texto contrasena
[Test worker] INFO net.thucydides.core.steps.ConsoleLoggingListener - FINISHING STEP
[Test worker] INFO net.thucydides.core.steps.ConsoleLoggingListener - STARTING STEP actor clicks on botón de ingreso de sesión
[1581886479.627][SEVERE]: Timed out receiving message from renderer: 0.100
[1581886479.729][SEVERE]: Timed out receiving message from renderer: 0.100
[1581886479.830][SEVERE]: Timed out receiving message from renderer: 0.100
[1581886479.937][SEVERE]: Timed out receiving message from renderer: 0.100
[1581886480.040][SEVERE]: Timed out receiving message from renderer: 0.100
[1581886480.142][SEVERE]: Timed out receiving message from renderer: 0.100
[1581886480.245][SEVERE]: Timed out receiving message from renderer: 0.100
[Test worker] INFO net.thucydides.core.steps.ConsoleLoggingListener - FINISHING STEP
[Test worker] INFO net.thucydides.core.steps.ConsoleLoggingListener - FINISHING STEP
[Test worker] INFO net.thucydides.core.steps.ConsoleLoggingListener - FINISHING STEP
[Test worker] INFO net.thucydides.core.steps.ConsoleLoggingListener - STARTING STEP When el usuario selecciona el producto a comprar Sauce Labs Backpack y Sauce Labs Fleece Jacket
[Test worker] INFO net.thucydides.core.steps.ConsoleLoggingListener - STARTING STEP Actor seleccionar productos
[Test worker] INFO net.thucydides.core.steps.ConsoleLoggingListener - STARTING STEP Actor asignar xpath
[Test worker] INFO net.thucydides.core.steps.ConsoleLoggingListener - STARTING STEP actor clicks on Botón agregar al carrito de compras
[Test worker] INFO net.thucydides.core.steps.ConsoleLoggingListener - FINISHING STEP
[Test worker] INFO net.thucydides.core.steps.ConsoleLoggingListener - FINISHING STEP
[Test worker] INFO net.thucydides.core.steps.ConsoleLoggingListener - STARTING STEP Actor asignar xpath
[Test worker] INFO net.thucydides.core.steps.ConsoleLoggingListener - STARTING STEP actor clicks on Botón agregar al carrito de compras
[Test worker] INFO net.thucydides.core.steps.ConsoleLoggingListener - FINISHING STEP
[Test worker] INFO net.thucydides.core.steps.ConsoleLoggingListener - FINISHING STEP
[Test worker] INFO net.thucydides.core.steps.ConsoleLoggingListener - STARTING STEP Actor obtener valores
[Test worker] INFO net.thucydides.core.steps.ConsoleLoggingListener - FINISHING STEP
[Test worker] INFO net.thucydides.core.steps.ConsoleLoggingListener - STARTING STEP Actor obtener valores
[Test worker] INFO net.thucydides.core.steps.ConsoleLoggingListener - FINISHING STEP
[Test worker] INFO net.thucydides.core.steps.ConsoleLoggingListener - STARTING STEP actor clicks on Botoón carro de compras
[Test worker] INFO net.thucydides.core.steps.ConsoleLoggingListener - FINISHING STEP
[Test worker] INFO net.thucydides.core.steps.ConsoleLoggingListener - STARTING STEP actor clicks on Boton verificar productos seleccionados
[Test worker] INFO net.thucydides.core.steps.ConsoleLoggingListener - FINISHING STEP
[Test worker] INFO net.thucydides.core.steps.ConsoleLoggingListener - FINISHING STEP
[Test worker] INFO net.thucydides.core.steps.ConsoleLoggingListener - FINISHING STEP
[Test worker] INFO net.thucydides.core.steps.ConsoleLoggingListener - STARTING STEP And el usuario continua con el flujo de la compra ingresando los datos solicitados Mahidy Casanova 43002 para realizar la compra
[Test worker] INFO net.thucydides.core.steps.ConsoleLoggingListener - STARTING STEP Actor ingresar informacion personal
[Test worker] INFO net.thucydides.core.steps.ConsoleLoggingListener - STARTING STEP actor enters 'Mahidy' into campo de texto, nombre del usuario
[Test worker] INFO net.thucydides.core.steps.ConsoleLoggingListener - FINISHING STEP
[Test worker] INFO net.thucydides.core.steps.ConsoleLoggingListener - STARTING STEP actor enters 'Casanova' into campo de texto, apellido del usuario
[Test worker] INFO net.thucydides.core.steps.ConsoleLoggingListener - FINISHING STEP
[Test worker] INFO net.thucydides.core.steps.ConsoleLoggingListener - STARTING STEP actor enters '43002' into campo de texto, código postal del usuario
[Test worker] INFO net.thucydides.core.steps.ConsoleLoggingListener - FINISHING STEP
[Test worker] INFO net.thucydides.core.steps.ConsoleLoggingListener - FINISHING STEP
[Test worker] INFO net.thucydides.core.steps.ConsoleLoggingListener - STARTING STEP Actor finalizar compra
[Test worker] INFO net.thucydides.core.steps.ConsoleLoggingListener - STARTING STEP actor clicks on botón continuar
[Test worker] INFO net.thucydides.core.steps.ConsoleLoggingListener - FINISHING STEP
[Test worker] INFO net.thucydides.core.steps.ConsoleLoggingListener - STARTING STEP actor clicks on botón finalización de la compra
[Test worker] INFO net.thucydides.core.steps.ConsoleLoggingListener - FINISHING STEP
[Test worker] INFO net.thucydides.core.steps.ConsoleLoggingListener - FINISHING STEP
[Test worker] INFO net.thucydides.core.steps.ConsoleLoggingListener - FINISHING STEP
[Test worker] INFO net.thucydides.core.steps.ConsoleLoggingListener - STARTING STEP Then el usuario deberia visualizar el mensaje de la compra exitosa
[Test worker] INFO net.thucydides.core.steps.ConsoleLoggingListener - STARTING STEP Then confirmar sumatoria productos should be (true)
[Test worker] INFO net.thucydides.core.steps.ConsoleLoggingListener - FINISHING STEP
[Test worker] INFO net.thucydides.core.steps.ConsoleLoggingListener - STARTING STEP Then confirmar mensaje compra should be (true)
[Test worker] INFO net.thucydides.core.steps.ConsoleLoggingListener - FINISHING STEP
[Test worker] INFO net.thucydides.core.steps.ConsoleLoggingListener - FINISHING STEP
[Test worker] INFO net.thucydides.core.steps.ConsoleLoggingListener - FINISHING STEP
[Test worker] INFO net.thucydides.core.steps.ConsoleLoggingListener - ?[92m
        __    _____ _____ ____ _____   ____   _    ____  ____  _____ ____  
  _     \ \  |_   _| ____/ ___|_   _| |  _ \ / \  / ___|/ ___|| ____|  _ \ 
 (_)_____| |   | | |  _| \___ \ | |   | |_) / _ \ \___ \\___ \|  _| | | | |
  _|_____| |   | | | |___ ___) || |   |  __/ ___ \ ___) |___) | |___| |_| |
 (_)     | |   |_| |_____|____/ |_|   |_| /_/   \_\____/|____/|_____|____/ 
        /_/                                                                

TEST PASSED: Se desea agregar diferentes productos al carrito para ser comprados de manera exitosa
----------------------------------------------------------------------------?[0m
[Test worker] INFO net.thucydides.core.steps.ConsoleLoggingListener - STARTING STEP Given el usuario ingresa a la pagina web con sus credenciales correctos performance_glitch_user y secret_sauce
[Test worker] INFO net.thucydides.core.steps.ConsoleLoggingListener - STARTING STEP Actor llamar url
[Test worker] INFO net.thucydides.core.steps.ConsoleLoggingListener - STARTING STEP actor opens the https://www.saucedemo.com/index.html
[Test worker] INFO net.thucydides.core.steps.ConsoleLoggingListener - FINISHING STEP
[Test worker] INFO net.thucydides.core.steps.ConsoleLoggingListener - FINISHING STEP
[Test worker] INFO net.thucydides.core.steps.ConsoleLoggingListener - STARTING STEP Actor iniciar sesion
[Test worker] INFO net.thucydides.core.steps.ConsoleLoggingListener - STARTING STEP actor enters 'performance_glitch_user' into campo de texto usuario
[Test worker] INFO net.thucydides.core.steps.ConsoleLoggingListener - FINISHING STEP
[Test worker] INFO net.thucydides.core.steps.ConsoleLoggingListener - STARTING STEP actor enters 'secret_sauce' into campo de texto contrasena
[Test worker] INFO net.thucydides.core.steps.ConsoleLoggingListener - FINISHING STEP
[Test worker] INFO net.thucydides.core.steps.ConsoleLoggingListener - STARTING STEP actor clicks on botón de ingreso de sesión
[1581886492.442][SEVERE]: Timed out receiving message from renderer: 0.100
[Test worker] INFO net.thucydides.core.steps.ConsoleLoggingListener - FINISHING STEP
[Test worker] INFO net.thucydides.core.steps.ConsoleLoggingListener - FINISHING STEP
[Test worker] INFO net.thucydides.core.steps.ConsoleLoggingListener - FINISHING STEP
[Test worker] INFO net.thucydides.core.steps.ConsoleLoggingListener - STARTING STEP When el usuario selecciona el producto a comprar Sauce Labs Bolt T-Shirt y Sauce Labs Onesie
[Test worker] INFO net.thucydides.core.steps.ConsoleLoggingListener - STARTING STEP Actor seleccionar productos
[Test worker] INFO net.thucydides.core.steps.ConsoleLoggingListener - STARTING STEP Actor asignar xpath
[Test worker] INFO net.thucydides.core.steps.ConsoleLoggingListener - STARTING STEP actor clicks on Botón agregar al carrito de compras
[Test worker] INFO net.thucydides.core.steps.ConsoleLoggingListener - FINISHING STEP
[Test worker] INFO net.thucydides.core.steps.ConsoleLoggingListener - FINISHING STEP
[Test worker] INFO net.thucydides.core.steps.ConsoleLoggingListener - STARTING STEP Actor asignar xpath
[Test worker] INFO net.thucydides.core.steps.ConsoleLoggingListener - STARTING STEP actor clicks on Botón agregar al carrito de compras
[Test worker] INFO net.thucydides.core.steps.ConsoleLoggingListener - FINISHING STEP
[Test worker] INFO net.thucydides.core.steps.ConsoleLoggingListener - FINISHING STEP
[Test worker] INFO net.thucydides.core.steps.ConsoleLoggingListener - STARTING STEP Actor obtener valores
[Test worker] INFO net.thucydides.core.steps.ConsoleLoggingListener - FINISHING STEP
[Test worker] INFO net.thucydides.core.steps.ConsoleLoggingListener - STARTING STEP Actor obtener valores
[Test worker] INFO net.thucydides.core.steps.ConsoleLoggingListener - FINISHING STEP
[Test worker] INFO net.thucydides.core.steps.ConsoleLoggingListener - STARTING STEP actor clicks on Botoón carro de compras
[Test worker] INFO net.thucydides.core.steps.ConsoleLoggingListener - FINISHING STEP
[Test worker] INFO net.thucydides.core.steps.ConsoleLoggingListener - STARTING STEP actor clicks on Boton verificar productos seleccionados
[Test worker] INFO net.thucydides.core.steps.ConsoleLoggingListener - FINISHING STEP
[Test worker] INFO net.thucydides.core.steps.ConsoleLoggingListener - FINISHING STEP
[Test worker] INFO net.thucydides.core.steps.ConsoleLoggingListener - FINISHING STEP
[Test worker] INFO net.thucydides.core.steps.ConsoleLoggingListener - STARTING STEP And el usuario continua con el flujo de la compra ingresando los datos solicitados Viviana Casanova 35352 para realizar la compra
[Test worker] INFO net.thucydides.core.steps.ConsoleLoggingListener - STARTING STEP Actor ingresar informacion personal
[Test worker] INFO net.thucydides.core.steps.ConsoleLoggingListener - STARTING STEP actor enters 'Viviana' into campo de texto, nombre del usuario
[Test worker] INFO net.thucydides.core.steps.ConsoleLoggingListener - FINISHING STEP
[Test worker] INFO net.thucydides.core.steps.ConsoleLoggingListener - STARTING STEP actor enters 'Casanova' into campo de texto, apellido del usuario
[Test worker] INFO net.thucydides.core.steps.ConsoleLoggingListener - FINISHING STEP
[Test worker] INFO net.thucydides.core.steps.ConsoleLoggingListener - STARTING STEP actor enters '35352' into campo de texto, código postal del usuario
[Test worker] INFO net.thucydides.core.steps.ConsoleLoggingListener - FINISHING STEP
[Test worker] INFO net.thucydides.core.steps.ConsoleLoggingListener - FINISHING STEP
[Test worker] INFO net.thucydides.core.steps.ConsoleLoggingListener - STARTING STEP Actor finalizar compra
[Test worker] INFO net.thucydides.core.steps.ConsoleLoggingListener - STARTING STEP actor clicks on botón continuar
[Test worker] INFO net.thucydides.core.steps.ConsoleLoggingListener - FINISHING STEP
[Test worker] INFO net.thucydides.core.steps.ConsoleLoggingListener - STARTING STEP actor clicks on botón finalización de la compra
[Test worker] INFO net.thucydides.core.steps.ConsoleLoggingListener - FINISHING STEP
[Test worker] INFO net.thucydides.core.steps.ConsoleLoggingListener - FINISHING STEP
[Test worker] INFO net.thucydides.core.steps.ConsoleLoggingListener - FINISHING STEP
[Test worker] INFO net.thucydides.core.steps.ConsoleLoggingListener - STARTING STEP Then el usuario deberia visualizar el mensaje de la compra exitosa
[Test worker] INFO net.thucydides.core.steps.ConsoleLoggingListener - STARTING STEP Then confirmar sumatoria productos should be (true)
[Test worker] INFO net.thucydides.core.steps.ConsoleLoggingListener - FINISHING STEP
[Test worker] INFO net.thucydides.core.steps.ConsoleLoggingListener - STARTING STEP Then confirmar mensaje compra should be (true)
[Test worker] INFO net.thucydides.core.steps.ConsoleLoggingListener - FINISHING STEP
[Test worker] INFO net.thucydides.core.steps.ConsoleLoggingListener - FINISHING STEP
[Test worker] INFO net.thucydides.core.steps.ConsoleLoggingListener - FINISHING STEP
[Test worker] INFO net.thucydides.core.steps.ConsoleLoggingListener - ?[92m
        __    _____ _____ ____ _____   ____   _    ____  ____  _____ ____  
  _     \ \  |_   _| ____/ ___|_   _| |  _ \ / \  / ___|/ ___|| ____|  _ \ 
 (_)_____| |   | | |  _| \___ \ | |   | |_) / _ \ \___ \\___ \|  _| | | | |
  _|_____| |   | | | |___ ___) || |   |  __/ ___ \ ___) |___) | |___| |_| |
 (_)     | |   |_| |_____|____/ |_|   |_| /_/   \_\____/|____/|_____|____/ 
        /_/                                                                

TEST PASSED: Se desea agregar diferentes productos al carrito para ser comprados de manera exitosa
----------------------------------------------------------------------------?[0m
]]></system-err>
</testsuite>
